2021-05-07T17:47:23.865502500Z -- Attaching packages --------------------------------------- tidyverse 1.3.0 --
2021-05-07T17:47:23.875049100Z v ggplot2 3.3.2     v purrr   0.3.4
2021-05-07T17:47:23.875087900Z v tibble  3.0.3     v dplyr   1.0.2
2021-05-07T17:47:23.875096300Z v tidyr   1.1.2     v stringr 1.4.0
2021-05-07T17:47:23.875103500Z v readr   1.3.1     v forcats 0.5.0
2021-05-07T17:47:24.061403500Z -- Conflicts ------------------------------------------ tidyverse_conflicts() --
2021-05-07T17:47:24.061486700Z x dplyr::filter() masks stats::filter()
2021-05-07T17:47:24.061495400Z x dplyr::lag()    masks stats::lag()
2021-05-07T17:47:24.078141000Z 
2021-05-07T17:47:24.078211000Z Attaching package: 'lubridate'
2021-05-07T17:47:24.078219900Z 
2021-05-07T17:47:24.079674200Z The following objects are masked from 'package:base':
2021-05-07T17:47:24.079698600Z 
2021-05-07T17:47:24.079707100Z     date, intersect, setdiff, union
2021-05-07T17:47:24.079714400Z 
2021-05-07T17:47:26.549110100Z #Uighur
2021-05-07T17:47:55.679030700Z [1] 1
2021-05-07T17:49:47.798156900Z [1] 2
2021-05-07T17:53:20.276636300Z [1] 3
2021-05-07T18:01:21.339449300Z [1] 4


state: succeeded
commit: 0f5fe71eb702d6c70841ec64a484beda3b340a3c
docker_image_id: sha256:c2fc5042bf86134947d83ad8e70bd926e2c1f91a263c6bfe87438ad783bec981
exit_code: 0
job_id: x6nugmfwjvgjvrla
run_by_user: acagreen17
created_at: 2021-05-07T17:45:36Z
started_at: 2021-05-07T17:47:20Z
completed_at: 2021-05-07T18:04:03Z

Completed successfully

outputs:
  output/models/testing/cox_vs_aft/mod_aft_adj_10.rds          - highly_sensitive    
  output/models/testing/cox_vs_aft/mod_aft_adj_100.rds         - highly_sensitive    
  output/models/testing/cox_vs_aft/mod_aft_adj_250.rds         - highly_sensitive    
  output/models/testing/cox_vs_aft/mod_aft_adj_50.rds          - highly_sensitive    
  output/models/testing/cox_vs_aft/mod_aft_re_adj_10.rds       - highly_sensitive    
  output/models/testing/cox_vs_aft/mod_aft_re_adj_100.rds      - highly_sensitive    
  output/models/testing/cox_vs_aft/mod_aft_re_adj_250.rds      - highly_sensitive    
  output/models/testing/cox_vs_aft/mod_aft_re_adj_50.rds       - highly_sensitive    
  output/models/testing/cox_vs_aft/mod_coxph_adj_10.rds        - highly_sensitive    
  output/models/testing/cox_vs_aft/mod_coxph_adj_100.rds       - highly_sensitive    
  output/models/testing/cox_vs_aft/mod_coxph_adj_250.rds       - highly_sensitive    
  output/models/testing/cox_vs_aft/mod_coxph_adj_50.rds        - highly_sensitive    
  output/models/testing/cox_vs_aft/mod_strat_aft_adj_10.rds    - highly_sensitive    
  output/models/testing/cox_vs_aft/mod_strat_aft_adj_100.rds   - highly_sensitive    
  output/models/testing/cox_vs_aft/mod_strat_aft_adj_250.rds   - highly_sensitive    
  output/models/testing/cox_vs_aft/mod_strat_aft_adj_50.rds    - highly_sensitive    
  output/models/testing/cox_vs_aft/mod_stratcoxph_adj_10.rds   - highly_sensitive    
  output/models/testing/cox_vs_aft/mod_stratcoxph_adj_100.rds  - highly_sensitive    
  output/models/testing/cox_vs_aft/mod_stratcoxph_adj_250.rds  - highly_sensitive    
  output/models/testing/cox_vs_aft/mod_stratcoxph_adj_50.rds   - highly_sensitive    
  output/models/testing/cox_vs_aft/plot_models_fit_time.svg    - moderately_sensitive
  output/models/testing/cox_vs_aft/table_results_10.csv        - moderately_sensitive
  output/models/testing/cox_vs_aft/table_results_100.csv       - moderately_sensitive
  output/models/testing/cox_vs_aft/table_results_250.csv       - moderately_sensitive
  output/models/testing/cox_vs_aft/table_results_50.csv        - moderately_sensitive