2021-04-27T11:51:57.940444900Z -- Attaching packages --------------------------------------- tidyverse 1.3.0 --
2021-04-27T11:51:57.950273700Z v ggplot2 3.3.2     v purrr   0.3.4
2021-04-27T11:51:57.950296100Z v tibble  3.0.3     v dplyr   1.0.2
2021-04-27T11:51:57.950304600Z v tidyr   1.1.2     v stringr 1.4.0
2021-04-27T11:51:57.950311600Z v readr   1.3.1     v forcats 0.5.0
2021-04-27T11:51:58.138309700Z -- Conflicts ------------------------------------------ tidyverse_conflicts() --
2021-04-27T11:51:58.138343400Z x dplyr::filter() masks stats::filter()
2021-04-27T11:51:58.138352000Z x dplyr::lag()    masks stats::lag()
2021-04-27T11:51:58.153458500Z 
2021-04-27T11:51:58.153522700Z Attaching package: 'lubridate'
2021-04-27T11:51:58.153531000Z 
2021-04-27T11:51:58.154825400Z The following objects are masked from 'package:base':
2021-04-27T11:51:58.154841000Z 
2021-04-27T11:51:58.154848300Z     date, intersect, setdiff, union
2021-04-27T11:51:58.154856500Z 
2021-04-27T11:52:00.065036600Z Loading required package: bdsmatrix
2021-04-27T11:52:00.402293800Z 
2021-04-27T11:52:00.402393400Z Attaching package: 'bdsmatrix'
2021-04-27T11:52:00.402402000Z 
2021-04-27T11:52:00.402989600Z The following object is masked from 'package:base':
2021-04-27T11:52:00.403012400Z 
2021-04-27T11:52:00.403020600Z     backsolve
2021-04-27T11:52:00.403027400Z 
2021-04-27T11:52:00.867358100Z Loading required package: ggpubr


state: succeeded
commit: 6f9142016dfc1496b77e9dda7b5a5dc93ee8e9d0
docker_image_id: sha256:c2fc5042bf86134947d83ad8e70bd926e2c1f91a263c6bfe87438ad783bec981
exit_code: 0
job_id: cqsmtyqna6tfuaxk
run_by_user: acagreen17
created_at: 2021-04-27T11:45:55Z
started_at: 2021-04-27T11:51:55Z
completed_at: 2021-04-27T12:00:01Z

Completed successfully

outputs:
  output/models/final/mod_strat_coxph_adj.rds  - highly_sensitive