2021-04-28T11:32:41.119625300Z -- Attaching packages --------------------------------------- tidyverse 1.3.0 --
2021-04-28T11:32:41.131466800Z v ggplot2 3.3.2     v purrr   0.3.4
2021-04-28T11:32:41.131558400Z v tibble  3.0.3     v dplyr   1.0.2
2021-04-28T11:32:41.131566300Z v tidyr   1.1.2     v stringr 1.4.0
2021-04-28T11:32:41.131573500Z v readr   1.3.1     v forcats 0.5.0
2021-04-28T11:32:41.508955300Z -- Conflicts ------------------------------------------ tidyverse_conflicts() --
2021-04-28T11:32:41.509067200Z x dplyr::filter() masks stats::filter()
2021-04-28T11:32:41.509076400Z x dplyr::lag()    masks stats::lag()
2021-04-28T11:32:41.549302800Z 
2021-04-28T11:32:41.549418800Z Attaching package: 'lubridate'
2021-04-28T11:32:41.549427300Z 
2021-04-28T11:32:41.551969500Z The following objects are masked from 'package:base':
2021-04-28T11:32:41.552052400Z 
2021-04-28T11:32:41.552060100Z     date, intersect, setdiff, union
2021-04-28T11:32:41.552067300Z 
2021-04-28T11:32:44.755398700Z Loading required package: bdsmatrix
2021-04-28T11:32:45.384353600Z 
2021-04-28T11:32:45.384456400Z Attaching package: 'bdsmatrix'
2021-04-28T11:32:45.384465200Z 
2021-04-28T11:32:45.384472400Z The following object is masked from 'package:base':
2021-04-28T11:32:45.384479500Z 
2021-04-28T11:32:45.384486300Z     backsolve
2021-04-28T11:32:45.384493400Z 


state: succeeded
commit: 2410f0d354ac5e62c8c2cb94523d4f9b490b8f92
docker_image_id: sha256:c2fc5042bf86134947d83ad8e70bd926e2c1f91a263c6bfe87438ad783bec981
exit_code: 0
job_id: 3pgbsw7tjxhtgicf
run_by_user: acagreen17
created_at: 2021-04-28T09:23:55Z
started_at: 2021-04-28T11:32:34Z
completed_at: 2021-04-28T12:09:07Z

Completed successfully

outputs:
  output/models/testing/mod_coxph_adj.rds          - highly_sensitive
  output/models/testing/mod_coxph_unadj.rds        - highly_sensitive
  output/models/testing/mod_strat_coxph_adj.rds    - highly_sensitive
  output/models/testing/mod_strat_coxph_unadj.rds  - highly_sensitive