2021-04-23T15:05:19.535022500Z -- Attaching packages --------------------------------------- tidyverse 1.3.0 --
2021-04-23T15:05:19.549504400Z v ggplot2 3.3.2     v purrr   0.3.4
2021-04-23T15:05:19.549550200Z v tibble  3.0.3     v dplyr   1.0.2
2021-04-23T15:05:19.549559400Z v tidyr   1.1.2     v stringr 1.4.0
2021-04-23T15:05:19.549566500Z v readr   1.3.1     v forcats 0.5.0
2021-04-23T15:05:19.755668900Z -- Conflicts ------------------------------------------ tidyverse_conflicts() --
2021-04-23T15:05:19.755752400Z x dplyr::filter() masks stats::filter()
2021-04-23T15:05:19.755761200Z x dplyr::lag()    masks stats::lag()
2021-04-23T15:05:19.771691600Z 
2021-04-23T15:05:19.771748300Z Attaching package: 'lubridate'
2021-04-23T15:05:19.771757200Z 
2021-04-23T15:05:19.773026500Z The following objects are masked from 'package:base':
2021-04-23T15:05:19.773048300Z 
2021-04-23T15:05:19.773057400Z     date, intersect, setdiff, union
2021-04-23T15:05:19.773064600Z 
2021-04-23T15:05:21.722806600Z Loading required package: bdsmatrix
2021-04-23T15:05:22.142405500Z 
2021-04-23T15:05:22.142495900Z Attaching package: 'bdsmatrix'
2021-04-23T15:05:22.142504500Z 
2021-04-23T15:05:22.142872600Z The following object is masked from 'package:base':
2021-04-23T15:05:22.142922700Z 
2021-04-23T15:05:22.142931400Z     backsolve
2021-04-23T15:05:22.142938500Z 
2021-04-23T15:05:22.601326800Z #BlackLivesMatter
2021-04-23T15:05:29.692508100Z `summarise()` ungrouping output (override with `.groups` argument)


state: failed
commit: 4db7ad88aa3f7879732e68e4a1a93a07e6e30c7e
docker_image_id: sha256:c2fc5042bf86134947d83ad8e70bd926e2c1f91a263c6bfe87438ad783bec981
exit_code: 137
job_id: eezgvkj7ml7q6ouw
run_by_user: acagreen17
created_at: 2021-04-23T14:45:17Z
started_at: 2021-04-23T15:05:16Z
completed_at: 2021-04-27T09:05:43Z

Job exited with an error code

outputs:
  (no outputs)