2021-05-07T14:01:36.519738500Z -- Attaching packages --------------------------------------- tidyverse 1.3.0 --
2021-05-07T14:01:36.528726600Z v ggplot2 3.3.2     v purrr   0.3.4
2021-05-07T14:01:36.528751100Z v tibble  3.0.3     v dplyr   1.0.2
2021-05-07T14:01:36.528759500Z v tidyr   1.1.2     v stringr 1.4.0
2021-05-07T14:01:36.528766600Z v readr   1.3.1     v forcats 0.5.0
2021-05-07T14:01:36.696258900Z -- Conflicts ------------------------------------------ tidyverse_conflicts() --
2021-05-07T14:01:36.696342900Z x dplyr::filter() masks stats::filter()
2021-05-07T14:01:36.696351400Z x dplyr::lag()    masks stats::lag()
2021-05-07T14:01:36.730826300Z 
2021-05-07T14:01:36.730855800Z Attaching package: 'lubridate'
2021-05-07T14:01:36.730863400Z 
2021-05-07T14:01:36.732385300Z The following objects are masked from 'package:base':
2021-05-07T14:01:36.732399000Z 
2021-05-07T14:01:36.732406700Z     date, intersect, setdiff, union
2021-05-07T14:01:36.732413800Z 


state: succeeded
commit: f4af36d4580608a5531576bef1b550a6a0ad14e9
docker_image_id: sha256:c2fc5042bf86134947d83ad8e70bd926e2c1f91a263c6bfe87438ad783bec981
exit_code: 0
job_id: 65nrwcux34pqtpms
run_by_user: acagreen17
created_at: 2021-05-07T13:04:46Z
started_at: 2021-05-07T14:01:33Z
completed_at: 2021-05-07T14:03:40Z

Completed successfully

outputs:
  output/data_properties/data_all_coltypes.txt  - moderately_sensitive
  output/data_properties/data_all_skim.txt      - moderately_sensitive
  output/data_properties/data_all_tabulate.txt  - moderately_sensitive