2021-05-07T13:42:39.599114200Z 2021-05-07 13:42:39 [info     ] Generating cohort for study_definition_flow_chart in output [cohortextractor.cohortextractor] 
2021-05-07T13:42:39.863946700Z 2021-05-07 13:42:39 [info     ] Checking for existing results in 'OPENCoronaTempTables..DataExtract_96756511a59fa5d32bb8eb34236509bd9663dfa6' [cohortextractor.tpp_backend] 
2021-05-07T13:42:39.966058700Z 2021-05-07 13:42:39 [info     ] No existing results found, running queries to generate new results [cohortextractor.tpp_backend] 
2021-05-07T13:42:39.997550500Z 2021-05-07 13:42:39 [info     ] Running: Query for has_died    [cohortextractor.tpp_backend] 
2021-05-07T13:42:40.683194600Z 2021-05-07 13:42:40 [info     ] Running: Query for registered_at_start [cohortextractor.tpp_backend] 
2021-05-07T13:42:55.735791800Z 2021-05-07 13:42:55 [info     ] Running: Query for age         [cohortextractor.tpp_backend] 
2021-05-07T13:43:13.150873500Z 2021-05-07 13:43:13 [info     ] Running: Query for has_follow_up_previous_year [cohortextractor.tpp_backend] 
2021-05-07T13:43:27.183927300Z 2021-05-07 13:43:27 [info     ] Running: Uploading codelist for nursing_residential_care [cohortextractor.tpp_backend] 
2021-05-07T13:43:27.212455200Z 2021-05-07 13:43:27 [info     ] Running: Query for nursing_residential_care [cohortextractor.tpp_backend] 
2021-05-07T13:43:27.658620400Z 2021-05-07 13:43:27 [info     ] Running: Query for sex         [cohortextractor.tpp_backend] 
2021-05-07T13:43:35.015125400Z 2021-05-07 13:43:35 [info     ] Running: Query for index_of_multiple_deprivation [cohortextractor.tpp_backend] 
2021-05-07T13:44:00.361165700Z 2021-05-07 13:44:00 [info     ] Running: Query for death_date  [cohortextractor.tpp_backend] 
2021-05-07T13:44:00.943164800Z 2021-05-07 13:44:00 [info     ] Running: Query for practice_id [cohortextractor.tpp_backend] 
2021-05-07T13:44:17.712963500Z 2021-05-07 13:44:17 [info     ] Running: Query for practice_id_at_end [cohortextractor.tpp_backend] 
2021-05-07T13:44:34.590999500Z 2021-05-07 13:44:34 [info     ] Running: Query for practice_id_at_death [cohortextractor.tpp_backend] 
2021-05-07T13:44:35.587101800Z 2021-05-07 13:44:35 [info     ] Running: Query for practice_id_same [cohortextractor.tpp_backend] 
2021-05-07T13:44:49.336294300Z 2021-05-07 13:44:49 [info     ] Running: Query for region      [cohortextractor.tpp_backend] 
2021-05-07T13:45:10.507132500Z 2021-05-07 13:45:10 [info     ] Running: Query for stp         [cohortextractor.tpp_backend] 
2021-05-07T13:45:29.408649900Z 2021-05-07 13:45:29 [info     ] Running: Query for rural_urban [cohortextractor.tpp_backend] 
2021-05-07T13:46:19.442121300Z 2021-05-07 13:46:19 [info     ] Running: Query for population  [cohortextractor.tpp_backend] 
2021-05-07T13:46:41.203387800Z 2021-05-07 13:46:41 [info     ] Writing results into temporary table 'OPENCoronaTempTables..DataExtract_96756511a59fa5d32bb8eb34236509bd9663dfa6' [cohortextractor.tpp_backend] 
2021-05-07T13:49:06.174030200Z 2021-05-07 13:49:06 [info     ] Downloading results from 'OPENCoronaTempTables..DataExtract_96756511a59fa5d32bb8eb34236509bd9663dfa6' [cohortextractor.tpp_backend] 
2021-05-07T13:49:39.585608600Z 2021-05-07 13:49:39 [info     ] Downloaded 1000000 results     [cohortextractor.tpp_backend] 
2021-05-07T13:49:58.199107700Z 2021-05-07 13:49:58 [info     ] Downloaded 2000000 results     [cohortextractor.tpp_backend] 
2021-05-07T13:50:19.029011200Z 2021-05-07 13:50:19 [info     ] Downloaded 3000000 results     [cohortextractor.tpp_backend] 
2021-05-07T13:50:37.239727200Z 2021-05-07 13:50:37 [info     ] Downloaded 4000000 results     [cohortextractor.tpp_backend] 
2021-05-07T13:50:56.296262600Z 2021-05-07 13:50:56 [info     ] Downloaded 5000000 results     [cohortextractor.tpp_backend] 
2021-05-07T13:51:16.691163000Z 2021-05-07 13:51:16 [info     ] Downloaded 6000000 results     [cohortextractor.tpp_backend] 
2021-05-07T13:51:39.969546300Z 2021-05-07 13:51:39 [info     ] Downloaded 7000000 results     [cohortextractor.tpp_backend] 
2021-05-07T13:52:37.254465000Z 2021-05-07 13:52:37 [info     ] Downloaded 8000000 results     [cohortextractor.tpp_backend] 
2021-05-07T13:52:59.285227000Z 2021-05-07 13:52:59 [info     ] Downloaded 9000000 results     [cohortextractor.tpp_backend] 
2021-05-07T13:53:21.786125200Z 2021-05-07 13:53:21 [info     ] Downloaded 10000000 results    [cohortextractor.tpp_backend] 
2021-05-07T13:53:43.591736400Z 2021-05-07 13:53:43 [info     ] Downloaded 11000000 results    [cohortextractor.tpp_backend] 
2021-05-07T13:54:06.306662400Z 2021-05-07 13:54:06 [info     ] Downloaded 12000000 results    [cohortextractor.tpp_backend] 
2021-05-07T13:54:29.503226300Z 2021-05-07 13:54:29 [info     ] Downloaded 13000000 results    [cohortextractor.tpp_backend] 
2021-05-07T13:54:50.289530500Z 2021-05-07 13:54:50 [info     ] Downloaded 14000000 results    [cohortextractor.tpp_backend] 
2021-05-07T13:55:12.473539500Z 2021-05-07 13:55:12 [info     ] Downloaded 15000000 results    [cohortextractor.tpp_backend] 
2021-05-07T13:55:32.259854600Z 2021-05-07 13:55:32 [info     ] Downloaded 16000000 results    [cohortextractor.tpp_backend] 
2021-05-07T13:55:54.446009000Z 2021-05-07 13:55:54 [info     ] Downloaded 17000000 results    [cohortextractor.tpp_backend] 
2021-05-07T13:56:16.897821900Z 2021-05-07 13:56:16 [info     ] Downloaded 18000000 results    [cohortextractor.tpp_backend] 
2021-05-07T13:56:38.536356800Z 2021-05-07 13:56:38 [info     ] Downloaded 19000000 results    [cohortextractor.tpp_backend] 
2021-05-07T13:57:01.849054100Z 2021-05-07 13:57:00 [info     ] Downloaded 20000000 results    [cohortextractor.tpp_backend] 
2021-05-07T13:57:25.361406100Z 2021-05-07 13:57:25 [info     ] Downloaded 21000000 results    [cohortextractor.tpp_backend] 
2021-05-07T13:57:47.638302200Z 2021-05-07 13:57:47 [info     ] Downloaded 22000000 results    [cohortextractor.tpp_backend] 
2021-05-07T13:58:22.303074100Z 2021-05-07 13:58:22 [info     ] Downloaded 23000000 results    [cohortextractor.tpp_backend] 
2021-05-07T13:58:55.864338100Z 2021-05-07 13:58:55 [info     ] Downloaded 24000000 results    [cohortextractor.tpp_backend] 
2021-05-07T13:59:20.521413400Z 2021-05-07 13:59:20 [info     ] Downloaded 25000000 results    [cohortextractor.tpp_backend] 
2021-05-07T13:59:44.805244300Z 2021-05-07 13:59:44 [info     ] Downloaded 26000000 results    [cohortextractor.tpp_backend] 
2021-05-07T14:00:11.572265700Z 2021-05-07 14:00:11 [info     ] Downloaded 27000000 results    [cohortextractor.tpp_backend] 
2021-05-07T14:00:35.307142600Z 2021-05-07 14:00:35 [info     ] Downloaded 28000000 results    [cohortextractor.tpp_backend] 
2021-05-07T14:00:58.179348500Z 2021-05-07 14:00:58 [info     ] Downloaded 29000000 results    [cohortextractor.tpp_backend] 
2021-05-07T14:01:20.514670300Z 2021-05-07 14:01:20 [info     ] Downloaded 30000000 results    [cohortextractor.tpp_backend] 
2021-05-07T14:01:43.047709500Z 2021-05-07 14:01:43 [info     ] Downloaded 31000000 results    [cohortextractor.tpp_backend] 
2021-05-07T14:01:52.504667300Z 2021-05-07 14:01:52 [info     ] Downloaded 31405980 results    [cohortextractor.tpp_backend] 
2021-05-07T14:01:52.504863400Z 2021-05-07 14:01:52 [info     ] Running: Deleting 'OPENCoronaTempTables..DataExtract_96756511a59fa5d32bb8eb34236509bd9663dfa6' [cohortextractor.tpp_backend] 
2021-05-07T14:01:54.653543000Z 2021-05-07 14:01:54 [info     ] Successfully created cohort and covariates at output/input_flow_chart.csv [cohortextractor.cohortextractor] 


state: succeeded
commit: f4af36d4580608a5531576bef1b550a6a0ad14e9
docker_image_id: sha256:31320e01a801ee8daad622eb432bab384d4e02ff84de870280159bb8f6e12b36
exit_code: 0
job_id: cjhd2hjhqnvjeoyj
run_by_user: acagreen17
created_at: 2021-05-07T13:42:28Z
started_at: 2021-05-07T13:42:37Z
completed_at: 2021-05-07T14:02:01Z

Completed successfully

outputs:
  output/input_flow_chart.csv  - highly_sensitive