2021-05-07T13:04:56.383306100Z 2021-05-07 13:04:56 [info     ] Generating cohort for study_definition in output [cohortextractor.cohortextractor] 
2021-05-07T13:04:57.009325500Z 2021-05-07 13:04:57 [info     ] Checking for existing results in 'OPENCoronaTempTables..DataExtract_5deb88a1caaddcd96dec9e9a83e965e0741937d1' [cohortextractor.tpp_backend] 
2021-05-07T13:04:57.117673600Z 2021-05-07 13:04:57 [info     ] No existing results found, running queries to generate new results [cohortextractor.tpp_backend] 
2021-05-07T13:04:57.149311300Z 2021-05-07 13:04:57 [info     ] Running: Query for covid_vax_1_date [cohortextractor.tpp_backend] 
2021-05-07T13:05:09.019035300Z 2021-05-07 13:05:09 [info     ] Running: Query for death_date  [cohortextractor.tpp_backend] 
2021-05-07T13:05:09.592164000Z 2021-05-07 13:05:09 [info     ] Running: Query for dereg_date  [cohortextractor.tpp_backend] 
2021-05-07T13:05:28.478568500Z 2021-05-07 13:05:28 [info     ] Running: Query for age         [cohortextractor.tpp_backend] 
2021-05-07T13:05:47.786843300Z 2021-05-07 13:05:47 [info     ] Running: Query for sex         [cohortextractor.tpp_backend] 
2021-05-07T13:05:58.269706600Z 2021-05-07 13:05:58 [info     ] Running: Uploading codelist for ethnicity [cohortextractor.tpp_backend] 
2021-05-07T13:05:58.302997300Z 2021-05-07 13:05:58 [info     ] Running: Query for ethnicity   [cohortextractor.tpp_backend] 
2021-05-07T13:44:52.323381800Z 2021-05-07 13:44:52 [info     ] Running: Uploading codelist for ethnicity_other [cohortextractor.tpp_backend] 
2021-05-07T13:44:52.370204600Z 2021-05-07 13:44:52 [info     ] Running: Query for ethnicity_other [cohortextractor.tpp_backend] 
2021-05-07T13:45:02.889412500Z 2021-05-07 13:45:02 [info     ] Running: Uploading codelist for ethnicity_not_given [cohortextractor.tpp_backend] 
2021-05-07T13:45:02.916966600Z 2021-05-07 13:45:02 [info     ] Running: Query for ethnicity_not_given [cohortextractor.tpp_backend] 
2021-05-07T13:45:02.936737800Z 2021-05-07 13:45:02 [info     ] Running: Uploading codelist for ethnicity_not_stated [cohortextractor.tpp_backend] 
2021-05-07T13:45:02.964626600Z 2021-05-07 13:45:02 [info     ] Running: Query for ethnicity_not_stated [cohortextractor.tpp_backend] 
2021-05-07T13:45:04.207632700Z 2021-05-07 13:45:04 [info     ] Running: Uploading codelist for ethnicity_no_record [cohortextractor.tpp_backend] 
2021-05-07T13:45:04.235832200Z 2021-05-07 13:45:04 [info     ] Running: Query for ethnicity_no_record [cohortextractor.tpp_backend] 
2021-05-07T13:45:04.442525800Z 2021-05-07 13:45:04 [info     ] Running: Uploading codelist for bmi [cohortextractor.tpp_backend] 
2021-05-07T13:45:04.470132000Z 2021-05-07 13:45:04 [info     ] Running: Query for bmi         [cohortextractor.tpp_backend] 
2021-05-07T13:47:57.179787500Z 2021-05-07 13:47:57 [info     ] Running: Uploading codelist for bmi_stage_date [cohortextractor.tpp_backend] 
2021-05-07T13:47:57.208468000Z 2021-05-07 13:47:57 [info     ] Running: Query for bmi_stage_date [cohortextractor.tpp_backend] 
2021-05-07T13:48:00.259429700Z 2021-05-07 13:48:00 [info     ] Running: Uploading codelist for sev_obesity [cohortextractor.tpp_backend] 
2021-05-07T13:48:00.287804200Z 2021-05-07 13:48:00 [info     ] Running: Query for sev_obesity [cohortextractor.tpp_backend] 
2021-05-07T13:48:04.584326700Z 2021-05-07 13:48:04 [info     ] Running: Uploading codelist for chronic_heart_disease [cohortextractor.tpp_backend] 
2021-05-07T13:48:04.734930200Z 2021-05-07 13:48:04 [info     ] Running: Query for chronic_heart_disease [cohortextractor.tpp_backend] 
2021-05-07T13:48:08.576750300Z 2021-05-07 13:48:08 [info     ] Running: Uploading codelist for diabetes [cohortextractor.tpp_backend] 
2021-05-07T13:48:08.628830400Z 2021-05-07 13:48:08 [info     ] Running: Query for diabetes    [cohortextractor.tpp_backend] 
2021-05-07T13:48:13.241747500Z 2021-05-07 13:48:13 [info     ] Running: Uploading codelist for chronic_kidney_disease_diagnostic [cohortextractor.tpp_backend] 
2021-05-07T13:48:13.298749300Z 2021-05-07 13:48:13 [info     ] Running: Query for chronic_kidney_disease_diagnostic [cohortextractor.tpp_backend] 
2021-05-07T13:48:13.559474800Z 2021-05-07 13:48:13 [info     ] Running: Uploading codelist for chronic_kidney_disease_all_stages [cohortextractor.tpp_backend] 
2021-05-07T13:48:13.591058000Z 2021-05-07 13:48:13 [info     ] Running: Query for chronic_kidney_disease_all_stages [cohortextractor.tpp_backend] 
2021-05-07T13:48:15.409046100Z 2021-05-07 13:48:15 [info     ] Running: Uploading codelist for chronic_kidney_disease_all_stages_3_5 [cohortextractor.tpp_backend] 
2021-05-07T13:48:15.439493300Z 2021-05-07 13:48:15 [info     ] Running: Query for chronic_kidney_disease_all_stages_3_5 [cohortextractor.tpp_backend] 
2021-05-07T13:48:17.089641700Z 2021-05-07 13:48:17 [info     ] Running: Uploading codelist for sev_mental_ill [cohortextractor.tpp_backend] 
2021-05-07T13:48:17.131011000Z 2021-05-07 13:48:17 [info     ] Running: Query for sev_mental_ill [cohortextractor.tpp_backend] 
2021-05-07T13:48:17.594431100Z 2021-05-07 13:48:17 [info     ] Running: Uploading codelist for learning_disability [cohortextractor.tpp_backend] 
2021-05-07T13:48:17.644453500Z 2021-05-07 13:48:17 [info     ] Running: Query for learning_disability [cohortextractor.tpp_backend] 
2021-05-07T13:48:17.994499300Z 2021-05-07 13:48:17 [info     ] Running: Uploading codelist for chronic_neuro_dis_inc_sig_learn_dis [cohortextractor.tpp_backend] 
2021-05-07T13:48:18.163488400Z 2021-05-07 13:48:18 [info     ] Running: Query for chronic_neuro_dis_inc_sig_learn_dis [cohortextractor.tpp_backend] 
2021-05-07T13:48:20.723820700Z 2021-05-07 13:48:20 [info     ] Running: Uploading codelist for asplenia [cohortextractor.tpp_backend] 
2021-05-07T13:48:20.757134200Z 2021-05-07 13:48:20 [info     ] Running: Query for asplenia    [cohortextractor.tpp_backend] 
2021-05-07T13:48:21.081503400Z 2021-05-07 13:48:21 [info     ] Running: Uploading codelist for chronic_liver_disease [cohortextractor.tpp_backend] 
2021-05-07T13:48:21.124700000Z 2021-05-07 13:48:21 [info     ] Running: Query for chronic_liver_disease [cohortextractor.tpp_backend] 
2021-05-07T13:48:21.748777400Z 2021-05-07 13:48:21 [info     ] Running: Uploading codelist for chronis_respiratory_disease [cohortextractor.tpp_backend] 
2021-05-07T13:48:21.808021400Z 2021-05-07 13:48:21 [info     ] Running: Query for chronis_respiratory_disease [cohortextractor.tpp_backend] 
2021-05-07T13:48:24.925162000Z 2021-05-07 13:48:24 [info     ] Running: Uploading codelist for immunosuppression_diagnosis [cohortextractor.tpp_backend] 
2021-05-07T13:48:25.038970400Z 2021-05-07 13:48:25 [info     ] Running: Query for immunosuppression_diagnosis [cohortextractor.tpp_backend] 
2021-05-07T13:48:25.593430700Z 2021-05-07 13:48:25 [info     ] Running: Uploading codelist for immunosuppression_medication [cohortextractor.tpp_backend] 
2021-05-07T13:48:25.822404400Z 2021-05-07 13:48:25 [info     ] Running: Query for immunosuppression_medication [cohortextractor.tpp_backend] 
2021-05-07T13:49:22.637433200Z 2021-05-07 13:49:22 [info     ] Running: Query for practice_id_at_start [cohortextractor.tpp_backend] 
2021-05-07T13:49:39.867795400Z 2021-05-07 13:49:39 [info     ] Running: Query for practice_id_at_end [cohortextractor.tpp_backend] 
2021-05-07T13:49:56.839711200Z 2021-05-07 13:49:56 [info     ] Running: Query for practice_id_at_death [cohortextractor.tpp_backend] 
2021-05-07T13:49:57.841356200Z 2021-05-07 13:49:57 [info     ] Running: Query for practice_id_at_dereg [cohortextractor.tpp_backend] 
2021-05-07T13:50:01.237130500Z 2021-05-07 13:50:01 [info     ] Running: Query for index_of_multiple_deprivation [cohortextractor.tpp_backend] 
2021-05-07T13:50:27.011296800Z 2021-05-07 13:50:27 [info     ] Running: Query for region      [cohortextractor.tpp_backend] 
2021-05-07T13:50:46.616767100Z 2021-05-07 13:50:46 [info     ] Running: Query for stp         [cohortextractor.tpp_backend] 
2021-05-07T13:51:06.361067900Z 2021-05-07 13:51:06 [info     ] Running: Query for rural_urban [cohortextractor.tpp_backend] 
2021-05-07T13:51:32.326782400Z 2021-05-07 13:51:32 [info     ] Running: Query for flu_vaccine_imm_table [cohortextractor.tpp_backend] 
2021-05-07T13:51:41.738331600Z 2021-05-07 13:51:41 [info     ] Running: Uploading codelist for flu_vaccine_med [cohortextractor.tpp_backend] 
2021-05-07T13:51:41.768930500Z 2021-05-07 13:51:41 [info     ] Running: Query for flu_vaccine_med [cohortextractor.tpp_backend] 
2021-05-07T13:52:36.640281000Z 2021-05-07 13:52:36 [info     ] Running: Uploading codelist for flu_vaccine_clinical [cohortextractor.tpp_backend] 
2021-05-07T13:52:36.669793100Z 2021-05-07 13:52:36 [info     ] Running: Uploading codelist for flu_vaccine_clinical [cohortextractor.tpp_backend] 
2021-05-07T13:52:39.436004100Z 2021-05-07 13:52:39 [info     ] Running: Query for flu_vaccine_clinical [cohortextractor.tpp_backend] 
2021-05-07T13:52:43.276419400Z 2021-05-07 13:52:43 [info     ] Running: Uploading codelist for prior_covid_date [cohortextractor.tpp_backend] 
2021-05-07T13:52:43.311658200Z 2021-05-07 13:52:43 [info     ] Running: Query for prior_covid_date [cohortextractor.tpp_backend] 
2021-05-07T13:52:54.073594400Z 2021-05-07 13:52:54 [info     ] Running: Uploading codelist for severely_clinically_vulnerable [cohortextractor.tpp_backend] 
2021-05-07T13:52:54.102373700Z 2021-05-07 13:52:54 [info     ] Running: Query for severely_clinically_vulnerable [cohortextractor.tpp_backend] 
2021-05-07T13:52:56.287184300Z 2021-05-07 13:52:56 [info     ] Running: Uploading codelist for less_vulnerable [cohortextractor.tpp_backend] 
2021-05-07T13:52:56.318084700Z 2021-05-07 13:52:56 [info     ] Running: Query for less_vulnerable [cohortextractor.tpp_backend] 
2021-05-07T13:52:56.789117300Z 2021-05-07 13:52:56 [info     ] Running: Uploading codelist for severely_clinically_vulnerable_since_feb_15 [cohortextractor.tpp_backend] 
2021-05-07T13:52:56.817048100Z 2021-05-07 13:52:56 [info     ] Running: Query for severely_clinically_vulnerable_since_feb_15 [cohortextractor.tpp_backend] 
2021-05-07T13:52:57.585191300Z 2021-05-07 13:52:57 [info     ] Running: Uploading codelist for new_shielding_status_reduced [cohortextractor.tpp_backend] 
2021-05-07T13:52:57.612736400Z 2021-05-07 13:52:57 [info     ] Running: Query for new_shielding_status_reduced [cohortextractor.tpp_backend] 
2021-05-07T13:52:57.949094600Z 2021-05-07 13:52:57 [info     ] Running: Uploading codelist for previous_flag [cohortextractor.tpp_backend] 
2021-05-07T13:52:57.982772200Z 2021-05-07 13:52:57 [info     ] Running: Query for previous_flag [cohortextractor.tpp_backend] 
2021-05-07T13:52:59.617680600Z 2021-05-07 13:52:59 [info     ] Running: Query for has_died    [cohortextractor.tpp_backend] 
2021-05-07T13:53:00.265264000Z 2021-05-07 13:53:00 [info     ] Running: Query for registered_at_start [cohortextractor.tpp_backend] 
2021-05-07T13:53:16.382287700Z 2021-05-07 13:53:16 [info     ] Running: Query for has_follow_up_previous_year [cohortextractor.tpp_backend] 
2021-05-07T13:53:31.397820600Z 2021-05-07 13:53:31 [info     ] Running: Uploading codelist for nursing_residential_care [cohortextractor.tpp_backend] 
2021-05-07T13:53:31.426474600Z 2021-05-07 13:53:31 [info     ] Running: Query for nursing_residential_care [cohortextractor.tpp_backend] 
2021-05-07T13:53:32.125590400Z 2021-05-07 13:53:32 [info     ] Writing results into temporary table 'OPENCoronaTempTables..DataExtract_5deb88a1caaddcd96dec9e9a83e965e0741937d1' [cohortextractor.tpp_backend] 
2021-05-07T13:54:57.156047700Z 2021-05-07 13:54:57 [info     ] Downloading results from 'OPENCoronaTempTables..DataExtract_5deb88a1caaddcd96dec9e9a83e965e0741937d1' [cohortextractor.tpp_backend] 
2021-05-07T13:55:26.082904300Z 2021-05-07 13:55:26 [info     ] Downloaded 1000000 results     [cohortextractor.tpp_backend] 
2021-05-07T13:55:55.355549600Z 2021-05-07 13:55:55 [info     ] Downloaded 2000000 results     [cohortextractor.tpp_backend] 
2021-05-07T13:56:30.967630500Z 2021-05-07 13:56:30 [info     ] Downloaded 2901381 results     [cohortextractor.tpp_backend] 
2021-05-07T13:56:30.988401000Z 2021-05-07 13:56:30 [info     ] Running: Deleting 'OPENCoronaTempTables..DataExtract_5deb88a1caaddcd96dec9e9a83e965e0741937d1' [cohortextractor.tpp_backend] 
2021-05-07T13:56:31.353862400Z 2021-05-07 13:56:31 [info     ] Successfully created cohort and covariates at output/input.csv [cohortextractor.cohortextractor] 


state: succeeded
commit: f4af36d4580608a5531576bef1b550a6a0ad14e9
docker_image_id: sha256:31320e01a801ee8daad622eb432bab384d4e02ff84de870280159bb8f6e12b36
exit_code: 0
job_id: 7mfhmumkcch2tffw
run_by_user: acagreen17
created_at: 2021-05-07T13:04:46Z
started_at: 2021-05-07T13:04:54Z
completed_at: 2021-05-07T13:56:39Z

Completed successfully

outputs:
  output/input.csv  - highly_sensitive