2021-05-12T09:20:26.271611700Z -- Attaching packages --------------------------------------- tidyverse 1.3.0 --
2021-05-12T09:20:26.280664800Z v ggplot2 3.3.2     v purrr   0.3.4
2021-05-12T09:20:26.280685400Z v tibble  3.0.3     v dplyr   1.0.2
2021-05-12T09:20:26.280693900Z v tidyr   1.1.2     v stringr 1.4.0
2021-05-12T09:20:26.280701300Z v readr   1.3.1     v forcats 0.5.0
2021-05-12T09:20:26.448406300Z -- Conflicts ------------------------------------------ tidyverse_conflicts() --
2021-05-12T09:20:26.448429400Z x dplyr::filter() masks stats::filter()
2021-05-12T09:20:26.448438500Z x dplyr::lag()    masks stats::lag()
2021-05-12T09:20:26.464481700Z 
2021-05-12T09:20:26.464510400Z Attaching package: 'lubridate'
2021-05-12T09:20:26.464519100Z 
2021-05-12T09:20:26.465912800Z The following objects are masked from 'package:base':
2021-05-12T09:20:26.465930100Z 
2021-05-12T09:20:26.465937800Z     date, intersect, setdiff, union
2021-05-12T09:20:26.465944800Z 
2021-05-12T09:20:28.511351100Z Loading required package: ggpubr


state: succeeded
commit: 0ea6a14353fba2d7e912a44b58c85b5b5de68f6e
docker_image_id: sha256:c2fc5042bf86134947d83ad8e70bd926e2c1f91a263c6bfe87438ad783bec981
exit_code: 0
job_id: 52vof6uienvvu34g
run_by_user: acagreen17
created_at: 2021-05-12T08:22:57Z
started_at: 2021-05-12T09:20:23Z
completed_at: 2021-05-12T09:38:26Z

Completed successfully

outputs:
  output/models/final/mod_strat_coxph_adj.rds  - highly_sensitive