2021-05-12T09:47:04.704746500Z -- Attaching packages --------------------------------------- tidyverse 1.3.0 --
2021-05-12T09:47:04.713679000Z v ggplot2 3.3.2     v purrr   0.3.4
2021-05-12T09:47:04.713701500Z v tibble  3.0.3     v dplyr   1.0.2
2021-05-12T09:47:04.713710100Z v tidyr   1.1.2     v stringr 1.4.0
2021-05-12T09:47:04.713717200Z v readr   1.3.1     v forcats 0.5.0
2021-05-12T09:47:04.876821100Z -- Conflicts ------------------------------------------ tidyverse_conflicts() --
2021-05-12T09:47:04.876840200Z x dplyr::filter() masks stats::filter()
2021-05-12T09:47:04.876848100Z x dplyr::lag()    masks stats::lag()
2021-05-12T09:49:41.650356900Z Warning messages:
2021-05-12T09:49:41.650424400Z 1: Transformation introduced infinite values in continuous x-axis 
2021-05-12T09:49:41.650434200Z 2: Removed 14838 row(s) containing missing values (geom_path). 
2021-05-12T09:49:41.695328600Z `stat_bin()` using `bins = 30`. Pick better value with `binwidth`.
2021-05-12T09:49:41.932634200Z `stat_bin()` using `bins = 30`. Pick better value with `binwidth`.
2021-05-12T09:49:42.472971100Z `summarise()` ungrouping output (override with `.groups` argument)
2021-05-12T09:49:44.112056700Z `summarise()` regrouping output by 'time' (override with `.groups` argument)
2021-05-12T09:49:58.229934600Z Warning messages:
2021-05-12T09:49:58.230003700Z 1: Removed 2537 row(s) containing missing values (geom_path). 
2021-05-12T09:49:58.230013100Z 2: Removed 9 row(s) containing missing values (geom_path). 


state: succeeded
commit: 2fc05ac36b88ca2df4086d5c4bc9310e3c79349b
docker_image_id: sha256:c2fc5042bf86134947d83ad8e70bd926e2c1f91a263c6bfe87438ad783bec981
exit_code: 0
job_id: nvcevftvjji773h7
run_by_user: acagreen17
created_at: 2021-05-12T09:46:33Z
started_at: 2021-05-12T09:47:02Z
completed_at: 2021-05-12T09:51:30Z

Completed successfully

outputs:
  output/models/final/cmlhaz_quantiles.csv       - moderately_sensitive
  output/models/final/plot_strata_cmlhaz.svg     - moderately_sensitive
  output/models/final/plot_strata_cmlhaz28.svg   - moderately_sensitive
  output/models/final/plot_strata_cmlhaz56.svg   - moderately_sensitive
  output/models/final/plot_strata_combined.svg   - moderately_sensitive
  output/models/final/plot_strata_deciles.svg    - moderately_sensitive
  output/models/final/plot_strata_llsurv.svg     - moderately_sensitive
  output/models/final/plot_strata_snapshots.svg  - moderately_sensitive