2021-05-10T11:38:31.877953300Z -- Attaching packages --------------------------------------- tidyverse 1.3.0 --
2021-05-10T11:38:31.887059000Z v ggplot2 3.3.2     v purrr   0.3.4
2021-05-10T11:38:31.887085000Z v tibble  3.0.3     v dplyr   1.0.2
2021-05-10T11:38:31.887093000Z v tidyr   1.1.2     v stringr 1.4.0
2021-05-10T11:38:31.887099800Z v readr   1.3.1     v forcats 0.5.0
2021-05-10T11:38:32.064240400Z -- Conflicts ------------------------------------------ tidyverse_conflicts() --
2021-05-10T11:38:32.064274900Z x dplyr::filter() masks stats::filter()
2021-05-10T11:38:32.064282600Z x dplyr::lag()    masks stats::lag()
2021-05-10T11:38:32.079320700Z 
2021-05-10T11:38:32.079346600Z Attaching package: 'lubridate'
2021-05-10T11:38:32.079355000Z 
2021-05-10T11:38:32.080748000Z The following objects are masked from 'package:base':
2021-05-10T11:38:32.080763600Z 
2021-05-10T11:38:32.080770800Z     date, intersect, setdiff, union
2021-05-10T11:38:32.080777700Z 
2021-05-10T11:38:33.898646100Z Loading required package: bdsmatrix
2021-05-10T11:38:34.282586700Z 
2021-05-10T11:38:34.282651600Z Attaching package: 'bdsmatrix'
2021-05-10T11:38:34.282660000Z 
2021-05-10T11:38:34.283217700Z The following object is masked from 'package:base':
2021-05-10T11:38:34.283242500Z 
2021-05-10T11:38:34.283251300Z     backsolve
2021-05-10T11:38:34.283258600Z 
2021-05-10T11:38:34.755822600Z Loading required package: ggpubr
2021-05-10T11:38:50.104118300Z strata(practice_id_latest_active_registration)is not found in data columns, and will be skipped.


state: succeeded
commit: 1299d3e30de772ecb88d1d13e8e9ea21e76125ee
docker_image_id: sha256:c2fc5042bf86134947d83ad8e70bd926e2c1f91a263c6bfe87438ad783bec981
exit_code: 0
job_id: u5buv2zlzr773hy6
run_by_user: acagreen17
created_at: 2021-05-10T11:38:08Z
started_at: 2021-05-10T11:38:28Z
completed_at: 2021-05-10T11:38:56Z

Completed successfully

outputs:
  output/models/final/plot_strat_coxph.svg  - moderately_sensitive
  output/models/final/tab_strat_coxph.csv   - moderately_sensitive